<?xml version="1.0" encoding="UTF-8"?>
<!-- Generated by org.testng.reporters.JUnitReportReporter -->
<testsuite hostname="DESKTOP-PN8R175" failures="0" tests="1" name="com.EBanking.Qa.Testcases.EB_StartPageTest" time="4.122" errors="0" timestamp="2022-03-30T20:03:36 EDT" skipped="0">
  <testcase classname="com.EBanking.Qa.Testcases.EB_StartPageTest" name="LoginPageTest" time="4.122"/>
  <system-out/>
</testsuite> <!-- com.EBanking.Qa.Testcases.EB_StartPageTest -->
