<?xml version="1.0" encoding="UTF-8"?>
<!-- Generated by org.testng.reporters.JUnitReportReporter -->
<testsuite hostname="DESKTOP-PN8R175" failures="0" tests="3" name="com.EBanking.Qa.Testcases.EB_NewCustomerPageTest" time="15.902" errors="0" timestamp="2022-03-31T07:12:46 EDT" skipped="0">
  <testcase classname="com.EBanking.Qa.Testcases.EB_NewCustomerPageTest" name="Entering_ncdetailsTest" time="5.108"/>
  <system-out/>
  <testcase classname="com.EBanking.Qa.Testcases.EB_NewCustomerPageTest" name="Entering_ncdetailsTest" time="4.815"/>
  <system-out/>
  <testcase classname="com.EBanking.Qa.Testcases.EB_NewCustomerPageTest" name="Entering_ncdetailsTest" time="5.979"/>
  <system-out/>
</testsuite> <!-- com.EBanking.Qa.Testcases.EB_NewCustomerPageTest -->
